Using pre-set license
Built from '2020.3/staging' branch; Version is '2020.3.0f1 (c7b5465681fb) revision 13088070'; Using compiler version '192528614'; Build Type 'Release'
OS: 'Windows 10 Home Single Language; OS build 22000.160; Version 2009; 64bit' Language: 'en' Physical Memory: 6082 MB
BatchMode: 1, IsHumanControllingUs: 0, StartBugReporterOnCrash: 0, Is64bit: 1, IsPro: 0

 COMMAND LINE ARGUMENTS:
C:\Program Files\Unity\Hub\Editor\2020.3.0f1\Editor\Unity.exe
-adb2
-batchMode
-noUpm
-name
AssetImportWorker22
-projectPath
D:/2D Proj/2D Project
-logFile
Logs/AssetImportWorker22.log
-srvPort
1074
Successfully changed project path to: D:/2D Proj/2D Project
D:/2D Proj/2D Project
Using Asset Import Pipeline V2.
Refreshing native plugins compatible for Editor in 64.83 ms, found 1 plugins.
Preloading 0 native plugins for Editor in 0.00 ms.
Initialize engine version: 2020.3.0f1 (c7b5465681fb)
[Subsystems] Discovering subsystems at path C:/Program Files/Unity/Hub/Editor/2020.3.0f1/Editor/Data/Resources/UnitySubsystems
[Subsystems] Discovering subsystems at path D:/2D Proj/2D Project/Assets
GfxDevice: creating device client; threaded=0
Direct3D:
    Version:  Direct3D 11.0 [level 11.1]
    Renderer: Radeon RX 560X Series (ID=0x67ef)
    Vendor:   
    VRAM:     4076 MB
    Driver:   30.0.13011.1004
Initialize mono
Mono path[0] = 'C:/Program Files/Unity/Hub/Editor/2020.3.0f1/Editor/Data/Managed'
Mono path[1] = 'C:/Program Files/Unity/Hub/Editor/2020.3.0f1/Editor/Data/MonoBleedingEdge/lib/mono/unityjit'
Mono config path = 'C:/Program Files/Unity/Hub/Editor/2020.3.0f1/Editor/Data/MonoBleedingEdge/etc'
Using monoOptions --debugger-agent=transport=dt_socket,embedding=1,server=y,suspend=n,address=127.0.0.1:56964
Begin MonoManager ReloadAssembly
Registering precompiled unity dll's ...
Register platform support module: C:/Program Files/Unity/Hub/Editor/2020.3.0f1/Editor/Data/PlaybackEngines/WebGLSupport/UnityEditor.WebGL.Extensions.dll
Register platform support module: C:/Program Files/Unity/Hub/Editor/2020.3.0f1/Editor/Data/PlaybackEngines/WindowsStandaloneSupport/UnityEditor.WindowsStandalone.Extensions.dll
Registered in 0.003665 seconds.
Native extension for WindowsStandalone target not found
Native extension for WebGL target not found
Refreshing native plugins compatible for Editor in 50.46 ms, found 1 plugins.
Preloading 0 native plugins for Editor in 0.00 ms.
Invoked RoslynAnalysisRunner static constructor.
RoslynAnalysisRunner will not be running.
RoslynAnalysisRunner has terminated.
Mono: successfully reloaded assembly
- Completed reload, in  3.836 seconds
Platform modules already initialized, skipping
Registering precompiled user dll's ...
Registered in 0.001319 seconds.
Begin MonoManager ReloadAssembly
Native extension for WindowsStandalone target not found
Native extension for WebGL target not found
Refreshing native plugins compatible for Editor in 53.97 ms, found 1 plugins.
Preloading 0 native plugins for Editor in 0.00 ms.
Invoked RoslynAnalysisRunner static constructor.
RoslynAnalysisRunner will not be running.
RoslynAnalysisRunner has terminated.
Mono: successfully reloaded assembly
- Completed reload, in  3.362 seconds
Platform modules already initialized, skipping
========================================================================
Worker process is ready to serve import requests
Launched and connected shader compiler UnityShaderCompiler.exe after 0.75 seconds
Refreshing native plugins compatible for Editor in 0.81 ms, found 1 plugins.
Preloading 0 native plugins for Editor in 0.00 ms.
Unloading 1918 Unused Serialized files (Serialized files now loaded: 0)
System memory in use before: 88.5 MB.
System memory in use after: 88.6 MB.

Unloading 32 unused Assets to reduce memory usage. Loaded Objects now: 2359.
Total: 3.940600 ms (FindLiveObjects: 0.327200 ms CreateObjectMapping: 0.155400 ms MarkObjects: 3.294600 ms  DeleteObjects: 0.161400 ms)

========================================================================
Received Import Request.
  path: Assets/Scripts/Player2Controller.cs
  artifactKey: Guid(3eae960a5ab00014e889a92be3f75dfe) Importer(815301076,1909f56bfc062723c751e8b465ee728b)
Start importing Assets/Scripts/Player2Controller.cs using Guid(3eae960a5ab00014e889a92be3f75dfe) Importer(815301076,1909f56bfc062723c751e8b465ee728b)  -> (artifact id: '232b11f3854b8b19bf554fa413304d0b') in 0.976100 seconds
  Import took 1.339087 seconds .

========================================================================
Received Prepare
Registering precompiled user dll's ...
Registered in 0.001623 seconds.
Begin MonoManager ReloadAssembly
Native extension for WindowsStandalone target not found
Native extension for WebGL target not found
Refreshing native plugins compatible for Editor in 0.93 ms, found 1 plugins.
Preloading 0 native plugins for Editor in 0.00 ms.
Invoked RoslynAnalysisRunner static constructor.
RoslynAnalysisRunner will not be running.
RoslynAnalysisRunner has terminated.
Mono: successfully reloaded assembly
- Completed reload, in  3.423 seconds
Platform modules already initialized, skipping
Refreshing native plugins compatible for Editor in 0.84 ms, found 1 plugins.
Preloading 0 native plugins for Editor in 0.00 ms.
Unloading 1908 Unused Serialized files (Serialized files now loaded: 0)
System memory in use before: 88.1 MB.
System memory in use after: 88.2 MB.

Unloading 20 unused Assets to reduce memory usage. Loaded Objects now: 2363.
Total: 7.050200 ms (FindLiveObjects: 0.449100 ms CreateObjectMapping: 0.294800 ms MarkObjects: 6.177000 ms  DeleteObjects: 0.124300 ms)

========================================================================
Received Prepare
Registering precompiled user dll's ...
Registered in 0.001390 seconds.
Begin MonoManager ReloadAssembly
Native extension for WindowsStandalone target not found
Native extension for WebGL target not found
Refreshing native plugins compatible for Editor in 1.33 ms, found 1 plugins.
Preloading 0 native plugins for Editor in 0.00 ms.
Invoked RoslynAnalysisRunner static constructor.
RoslynAnalysisRunner will not be running.
RoslynAnalysisRunner has terminated.
Mono: successfully reloaded assembly
- Completed reload, in  1.386 seconds
Platform modules already initialized, skipping
Refreshing native plugins compatible for Editor in 0.79 ms, found 1 plugins.
Preloading 0 native plugins for Editor in 0.00 ms.
Unloading 1908 Unused Serialized files (Serialized files now loaded: 0)
System memory in use before: 88.2 MB.
System memory in use after: 88.3 MB.

Unloading 20 unused Assets to reduce memory usage. Loaded Objects now: 2367.
Total: 4.345200 ms (FindLiveObjects: 0.758600 ms CreateObjectMapping: 0.175800 ms MarkObjects: 3.354400 ms  DeleteObjects: 0.052900 ms)

========================================================================
Received Prepare
Registering precompiled user dll's ...
Registered in 0.029833 seconds.
Begin MonoManager ReloadAssembly
Native extension for WindowsStandalone target not found
Native extension for WebGL target not found
Refreshing native plugins compatible for Editor in 1.81 ms, found 1 plugins.
Preloading 0 native plugins for Editor in 0.00 ms.
Invoked RoslynAnalysisRunner static constructor.
RoslynAnalysisRunner will not be running.
RoslynAnalysisRunner has terminated.
Mono: successfully reloaded assembly
- Completed reload, in  2.249 seconds
Platform modules already initialized, skipping
Refreshing native plugins compatible for Editor in 1.59 ms, found 1 plugins.
Preloading 0 native plugins for Editor in 0.00 ms.
Unloading 1908 Unused Serialized files (Serialized files now loaded: 0)
System memory in use before: 88.2 MB.
System memory in use after: 88.3 MB.

Unloading 20 unused Assets to reduce memory usage. Loaded Objects now: 2371.
Total: 6.941000 ms (FindLiveObjects: 0.887000 ms CreateObjectMapping: 0.417900 ms MarkObjects: 5.540400 ms  DeleteObjects: 0.090900 ms)

========================================================================
Received Prepare
Registering precompiled user dll's ...
Registered in 0.001208 seconds.
Begin MonoManager ReloadAssembly
Native extension for WindowsStandalone target not found
Native extension for WebGL target not found
Refreshing native plugins compatible for Editor in 0.81 ms, found 1 plugins.
Preloading 0 native plugins for Editor in 0.00 ms.
Invoked RoslynAnalysisRunner static constructor.
RoslynAnalysisRunner will not be running.
RoslynAnalysisRunner has terminated.
Mono: successfully reloaded assembly
- Completed reload, in  1.364 seconds
Platform modules already initialized, skipping
Refreshing native plugins compatible for Editor in 0.62 ms, found 1 plugins.
Preloading 0 native plugins for Editor in 0.00 ms.
Unloading 1908 Unused Serialized files (Serialized files now loaded: 0)
System memory in use before: 88.2 MB.
System memory in use after: 88.3 MB.

Unloading 20 unused Assets to reduce memory usage. Loaded Objects now: 2375.
Total: 3.185200 ms (FindLiveObjects: 0.341800 ms CreateObjectMapping: 0.079600 ms MarkObjects: 2.713300 ms  DeleteObjects: 0.048500 ms)

========================================================================
Received Prepare
Registering precompiled user dll's ...
Registered in 0.001217 seconds.
Begin MonoManager ReloadAssembly
Native extension for WindowsStandalone target not found
Native extension for WebGL target not found
Refreshing native plugins compatible for Editor in 0.61 ms, found 1 plugins.
Preloading 0 native plugins for Editor in 0.00 ms.
Invoked RoslynAnalysisRunner static constructor.
RoslynAnalysisRunner will not be running.
RoslynAnalysisRunner has terminated.
Mono: successfully reloaded assembly
- Completed reload, in  1.780 seconds
Platform modules already initialized, skipping
Refreshing native plugins compatible for Editor in 0.83 ms, found 1 plugins.
Preloading 0 native plugins for Editor in 0.00 ms.
Unloading 1908 Unused Serialized files (Serialized files now loaded: 0)
System memory in use before: 88.2 MB.
System memory in use after: 88.3 MB.

Unloading 20 unused Assets to reduce memory usage. Loaded Objects now: 2379.
Total: 3.844300 ms (FindLiveObjects: 0.290400 ms CreateObjectMapping: 0.102300 ms MarkObjects: 3.380800 ms  DeleteObjects: 0.068600 ms)

========================================================================
Received Prepare
Registering precompiled user dll's ...
Registered in 0.001475 seconds.
Begin MonoManager ReloadAssembly
Native extension for WindowsStandalone target not found
Native extension for WebGL target not found
Refreshing native plugins compatible for Editor in 1.20 ms, found 1 plugins.
Preloading 0 native plugins for Editor in 0.00 ms.
Invoked RoslynAnalysisRunner static constructor.
RoslynAnalysisRunner will not be running.
RoslynAnalysisRunner has terminated.
Mono: successfully reloaded assembly
- Completed reload, in  1.314 seconds
Platform modules already initialized, skipping
Refreshing native plugins compatible for Editor in 0.87 ms, found 1 plugins.
Preloading 0 native plugins for Editor in 0.00 ms.
Unloading 1908 Unused Serialized files (Serialized files now loaded: 0)
System memory in use before: 88.2 MB.
System memory in use after: 88.3 MB.

Unloading 20 unused Assets to reduce memory usage. Loaded Objects now: 2383.
Total: 3.988400 ms (FindLiveObjects: 0.440300 ms CreateObjectMapping: 0.217300 ms MarkObjects: 3.269000 ms  DeleteObjects: 0.056800 ms)

========================================================================
Received Prepare
Registering precompiled user dll's ...
Registered in 0.002044 seconds.
Begin MonoManager ReloadAssembly
Native extension for WindowsStandalone target not found
Native extension for WebGL target not found
Refreshing native plugins compatible for Editor in 0.77 ms, found 1 plugins.
Preloading 0 native plugins for Editor in 0.00 ms.
Invoked RoslynAnalysisRunner static constructor.
RoslynAnalysisRunner will not be running.
RoslynAnalysisRunner has terminated.
Mono: successfully reloaded assembly
- Completed reload, in  1.413 seconds
Platform modules already initialized, skipping
Refreshing native plugins compatible for Editor in 0.63 ms, found 1 plugins.
Preloading 0 native plugins for Editor in 0.00 ms.
Unloading 1908 Unused Serialized files (Serialized files now loaded: 0)
System memory in use before: 88.2 MB.
System memory in use after: 88.3 MB.

Unloading 20 unused Assets to reduce memory usage. Loaded Objects now: 2387.
Total: 3.835900 ms (FindLiveObjects: 0.571900 ms CreateObjectMapping: 0.219400 ms MarkObjects: 2.988500 ms  DeleteObjects: 0.053000 ms)

========================================================================
Received Prepare
Registering precompiled user dll's ...
Registered in 0.002341 seconds.
Begin MonoManager ReloadAssembly
Native extension for WindowsStandalone target not found
Native extension for WebGL target not found
Refreshing native plugins compatible for Editor in 0.98 ms, found 1 plugins.
Preloading 0 native plugins for Editor in 0.00 ms.
Invoked RoslynAnalysisRunner static constructor.
RoslynAnalysisRunner will not be running.
RoslynAnalysisRunner has terminated.
Mono: successfully reloaded assembly
- Completed reload, in  1.525 seconds
Platform modules already initialized, skipping
Refreshing native plugins compatible for Editor in 0.68 ms, found 1 plugins.
Preloading 0 native plugins for Editor in 0.00 ms.
Unloading 1908 Unused Serialized files (Serialized files now loaded: 0)
System memory in use before: 88.2 MB.
System memory in use after: 88.3 MB.

Unloading 20 unused Assets to reduce memory usage. Loaded Objects now: 2391.
Total: 4.738900 ms (FindLiveObjects: 0.758800 ms CreateObjectMapping: 0.437800 ms MarkObjects: 3.477800 ms  DeleteObjects: 0.059100 ms)

========================================================================
Received Import Request.
  Time since last request: 2775.966284 seconds.
  path: Assets/Scripts/CamController.cs
  artifactKey: Guid(acc22060cc0c36942966e6bbbba6a7d7) Importer(815301076,1909f56bfc062723c751e8b465ee728b)
Start importing Assets/Scripts/CamController.cs using Guid(acc22060cc0c36942966e6bbbba6a7d7) Importer(815301076,1909f56bfc062723c751e8b465ee728b)  -> (artifact id: 'ecbda4e21e0dafa9c7e3139ec571cae4') in 0.584683 seconds
  Import took 1.002748 seconds .

========================================================================
Received Prepare
Registering precompiled user dll's ...
Registered in 0.001509 seconds.
Begin MonoManager ReloadAssembly
Native extension for WindowsStandalone target not found
Native extension for WebGL target not found
Refreshing native plugins compatible for Editor in 0.81 ms, found 1 plugins.
Preloading 0 native plugins for Editor in 0.00 ms.
Invoked RoslynAnalysisRunner static constructor.
RoslynAnalysisRunner will not be running.
RoslynAnalysisRunner has terminated.
Mono: successfully reloaded assembly
- Completed reload, in  1.346 seconds
Platform modules already initialized, skipping
Refreshing native plugins compatible for Editor in 0.62 ms, found 1 plugins.
Preloading 0 native plugins for Editor in 0.00 ms.
Unloading 1907 Unused Serialized files (Serialized files now loaded: 0)
System memory in use before: 88.2 MB.
System memory in use after: 88.3 MB.

Unloading 21 unused Assets to reduce memory usage. Loaded Objects now: 2394.
Total: 3.525600 ms (FindLiveObjects: 0.407000 ms CreateObjectMapping: 0.099500 ms MarkObjects: 2.965300 ms  DeleteObjects: 0.050700 ms)

========================================================================
Received Import Request.
  Time since last request: 98.614428 seconds.
  path: Assets/Particle System/Explosion particle.prefab
  artifactKey: Guid(4de70b2efd40dfd4583af34307b7db73) Importer(815301076,1909f56bfc062723c751e8b465ee728b)
Start importing Assets/Particle System/Explosion particle.prefab using Guid(4de70b2efd40dfd4583af34307b7db73) Importer(815301076,1909f56bfc062723c751e8b465ee728b)  -> (artifact id: '576cbe9092c472a250b77003b3bd9d5e') in 10.630694 seconds
  Import took 10.987735 seconds .

========================================================================
Received Prepare
Registering precompiled user dll's ...
Registered in 0.032289 seconds.
Begin MonoManager ReloadAssembly
Native extension for WindowsStandalone target not found
Native extension for WebGL target not found
Refreshing native plugins compatible for Editor in 1.91 ms, found 1 plugins.
Preloading 0 native plugins for Editor in 0.00 ms.
Invoked RoslynAnalysisRunner static constructor.
RoslynAnalysisRunner will not be running.
RoslynAnalysisRunner has terminated.
Mono: successfully reloaded assembly
- Completed reload, in  4.910 seconds
Platform modules already initialized, skipping
Refreshing native plugins compatible for Editor in 1.35 ms, found 1 plugins.
Preloading 0 native plugins for Editor in 0.00 ms.
Unloading 1907 Unused Serialized files (Serialized files now loaded: 0)
System memory in use before: 88.2 MB.
System memory in use after: 88.3 MB.

Unloading 20 unused Assets to reduce memory usage. Loaded Objects now: 2398.
Total: 6.220000 ms (FindLiveObjects: 0.644400 ms CreateObjectMapping: 0.151500 ms MarkObjects: 5.298100 ms  DeleteObjects: 0.121100 ms)

========================================================================
Received Import Request.
  Time since last request: 369.207376 seconds.
  path: Assets/Prefabs/Game objects/Bullet.prefab
  artifactKey: Guid(ab7b5717ea167dd459e129b7104ecf69) Importer(815301076,1909f56bfc062723c751e8b465ee728b)
Start importing Assets/Prefabs/Game objects/Bullet.prefab using Guid(ab7b5717ea167dd459e129b7104ecf69) Importer(815301076,1909f56bfc062723c751e8b465ee728b)  -> (artifact id: 'e383a2c6f529619fe0d3734c7ba1b766') in 0.374979 seconds
  Import took 0.700432 seconds .

========================================================================
Received Import Request.
  Time since last request: 64.569007 seconds.
  path: Assets/Prefabs/Game objects/Bullet.prefab
  artifactKey: Guid(ab7b5717ea167dd459e129b7104ecf69) Importer(815301076,1909f56bfc062723c751e8b465ee728b)
Start importing Assets/Prefabs/Game objects/Bullet.prefab using Guid(ab7b5717ea167dd459e129b7104ecf69) Importer(815301076,1909f56bfc062723c751e8b465ee728b)  -> (artifact id: '7e4a5658ec0f2ffa284a56a7ce53aaf7') in 0.026888 seconds
  Import took 0.300921 seconds .

========================================================================
Received Import Request.
  Time since last request: 9.329379 seconds.
  path: Assets/Prefabs/Game objects/Bullet.prefab
  artifactKey: Guid(ab7b5717ea167dd459e129b7104ecf69) Importer(815301076,1909f56bfc062723c751e8b465ee728b)
Start importing Assets/Prefabs/Game objects/Bullet.prefab using Guid(ab7b5717ea167dd459e129b7104ecf69) Importer(815301076,1909f56bfc062723c751e8b465ee728b)  -> (artifact id: '6fadefcb293266f18c7e04299851261e') in 0.084963 seconds
  Import took 0.272622 seconds .

========================================================================
Received Import Request.
  Time since last request: 179.713241 seconds.
  path: Assets/Prefabs/Game objects/Bullet.prefab
  artifactKey: Guid(ab7b5717ea167dd459e129b7104ecf69) Importer(815301076,1909f56bfc062723c751e8b465ee728b)
Start importing Assets/Prefabs/Game objects/Bullet.prefab using Guid(ab7b5717ea167dd459e129b7104ecf69) Importer(815301076,1909f56bfc062723c751e8b465ee728b)  -> (artifact id: '41cd23e6695b5d6ab4cf7cb1c2bcabdb') in 2.785957 seconds
  Import took 2.974333 seconds .

========================================================================
Received Import Request.
  Time since last request: 128.942641 seconds.
  path: Assets/Prefabs/Game objects/bullet.prefab
  artifactKey: Guid(ab7b5717ea167dd459e129b7104ecf69) Importer(815301076,1909f56bfc062723c751e8b465ee728b)
Start importing Assets/Prefabs/Game objects/bullet.prefab using Guid(ab7b5717ea167dd459e129b7104ecf69) Importer(815301076,1909f56bfc062723c751e8b465ee728b)  -> (artifact id: '8f275935e73abb66cc0b57b64e41ae5d') in 0.179464 seconds
  Import took 0.270708 seconds .

========================================================================
Received Prepare
Registering precompiled user dll's ...
Registered in 0.003233 seconds.
Begin MonoManager ReloadAssembly
Native extension for WindowsStandalone target not found
Native extension for WebGL target not found
Refreshing native plugins compatible for Editor in 2.13 ms, found 1 plugins.
Preloading 0 native plugins for Editor in 0.00 ms.
Invoked RoslynAnalysisRunner static constructor.
RoslynAnalysisRunner will not be running.
RoslynAnalysisRunner has terminated.
Mono: successfully reloaded assembly
- Completed reload, in  2.936 seconds
Platform modules already initialized, skipping
Refreshing native plugins compatible for Editor in 1.98 ms, found 1 plugins.
Preloading 0 native plugins for Editor in 0.00 ms.
Unloading 1907 Unused Serialized files (Serialized files now loaded: 0)
System memory in use before: 91.3 MB.
System memory in use after: 91.5 MB.

Unloading 20 unused Assets to reduce memory usage. Loaded Objects now: 2409.
Total: 8.866700 ms (FindLiveObjects: 0.995800 ms CreateObjectMapping: 0.435000 ms MarkObjects: 7.343200 ms  DeleteObjects: 0.087800 ms)

========================================================================
Received Import Request.
  Time since last request: 61.907019 seconds.
  path: Assets/Prefabs/Game objects/bullet.prefab
  artifactKey: Guid(ab7b5717ea167dd459e129b7104ecf69) Importer(815301076,1909f56bfc062723c751e8b465ee728b)
Start importing Assets/Prefabs/Game objects/bullet.prefab using Guid(ab7b5717ea167dd459e129b7104ecf69) Importer(815301076,1909f56bfc062723c751e8b465ee728b)  -> (artifact id: 'db395f3514ace7c9b8bb3b94f68b2bfb') in 0.176748 seconds
  Import took 0.357744 seconds .

========================================================================
Received Import Request.
  Time since last request: 3.493643 seconds.
  path: Assets/Prefabs/Game objects/bullet.prefab
  artifactKey: Guid(ab7b5717ea167dd459e129b7104ecf69) Importer(815301076,1909f56bfc062723c751e8b465ee728b)
Start importing Assets/Prefabs/Game objects/bullet.prefab using Guid(ab7b5717ea167dd459e129b7104ecf69) Importer(815301076,1909f56bfc062723c751e8b465ee728b)  -> (artifact id: '42f17258f3ab558011225f2b33e54d90') in 0.393840 seconds
  Import took 0.500791 seconds .

========================================================================
Received Import Request.
  Time since last request: 0.003448 seconds.
  path: Assets/Prefabs/Game objects/bullet.prefab
  artifactKey: Guid(ab7b5717ea167dd459e129b7104ecf69) Importer(815301076,1909f56bfc062723c751e8b465ee728b)
Start importing Assets/Prefabs/Game objects/bullet.prefab using Guid(ab7b5717ea167dd459e129b7104ecf69) Importer(815301076,1909f56bfc062723c751e8b465ee728b)  -> (artifact id: '42f17258f3ab558011225f2b33e54d90') in 0.044536 seconds
  Import took 0.189070 seconds .

========================================================================
Received Prepare
Registering precompiled user dll's ...
Registered in 0.003007 seconds.
Begin MonoManager ReloadAssembly
Native extension for WindowsStandalone target not found
Native extension for WebGL target not found
Refreshing native plugins compatible for Editor in 1.24 ms, found 1 plugins.
Preloading 0 native plugins for Editor in 0.00 ms.
Invoked RoslynAnalysisRunner static constructor.
RoslynAnalysisRunner will not be running.
RoslynAnalysisRunner has terminated.
Mono: successfully reloaded assembly
- Completed reload, in  2.366 seconds
Platform modules already initialized, skipping
Refreshing native plugins compatible for Editor in 1.97 ms, found 1 plugins.
Preloading 0 native plugins for Editor in 0.00 ms.
Unloading 1907 Unused Serialized files (Serialized files now loaded: 0)
System memory in use before: 91.4 MB.
System memory in use after: 91.5 MB.

Unloading 20 unused Assets to reduce memory usage. Loaded Objects now: 2414.
Total: 6.800400 ms (FindLiveObjects: 0.808600 ms CreateObjectMapping: 0.411900 ms MarkObjects: 5.475800 ms  DeleteObjects: 0.100400 ms)

========================================================================
Received Prepare
Registering precompiled user dll's ...
Registered in 0.002186 seconds.
Begin MonoManager ReloadAssembly
Native extension for WindowsStandalone target not found
Native extension for WebGL target not found
Refreshing native plugins compatible for Editor in 3.17 ms, found 1 plugins.
Preloading 0 native plugins for Editor in 0.00 ms.
Invoked RoslynAnalysisRunner static constructor.
RoslynAnalysisRunner will not be running.
RoslynAnalysisRunner has terminated.
Mono: successfully reloaded assembly
- Completed reload, in  2.341 seconds
Platform modules already initialized, skipping
Refreshing native plugins compatible for Editor in 1.38 ms, found 1 plugins.
Preloading 0 native plugins for Editor in 0.00 ms.
Unloading 1907 Unused Serialized files (Serialized files now loaded: 0)
System memory in use before: 91.4 MB.
System memory in use after: 91.5 MB.

Unloading 20 unused Assets to reduce memory usage. Loaded Objects now: 2418.
Total: 7.479700 ms (FindLiveObjects: 0.499900 ms CreateObjectMapping: 0.098600 ms MarkObjects: 6.781400 ms  DeleteObjects: 0.095900 ms)

========================================================================
Received Prepare
Registering precompiled user dll's ...
Registered in 0.003048 seconds.
Begin MonoManager ReloadAssembly
Native extension for WindowsStandalone target not found
Native extension for WebGL target not found
Refreshing native plugins compatible for Editor in 1.26 ms, found 1 plugins.
Preloading 0 native plugins for Editor in 0.00 ms.
Invoked RoslynAnalysisRunner static constructor.
RoslynAnalysisRunner will not be running.
RoslynAnalysisRunner has terminated.
Mono: successfully reloaded assembly
- Completed reload, in  2.347 seconds
Platform modules already initialized, skipping
Refreshing native plugins compatible for Editor in 1.62 ms, found 1 plugins.
Preloading 0 native plugins for Editor in 0.00 ms.
Unloading 1907 Unused Serialized files (Serialized files now loaded: 0)
System memory in use before: 91.4 MB.
System memory in use after: 91.5 MB.

Unloading 20 unused Assets to reduce memory usage. Loaded Objects now: 2422.
Total: 7.612500 ms (FindLiveObjects: 0.922700 ms CreateObjectMapping: 0.250200 ms MarkObjects: 6.331700 ms  DeleteObjects: 0.103900 ms)

========================================================================
Received Import Request.
  Time since last request: 133.683057 seconds.
  path: Assets/Prefabs/Game objects/bullet.prefab
  artifactKey: Guid(ab7b5717ea167dd459e129b7104ecf69) Importer(815301076,1909f56bfc062723c751e8b465ee728b)
Start importing Assets/Prefabs/Game objects/bullet.prefab using Guid(ab7b5717ea167dd459e129b7104ecf69) Importer(815301076,1909f56bfc062723c751e8b465ee728b)  -> (artifact id: '3f27d9981a370d18934f795c4b5fd6db') in 0.180717 seconds
  Import took 0.416933 seconds .

========================================================================
Received Prepare
Registering precompiled user dll's ...
Registered in 0.002286 seconds.
Begin MonoManager ReloadAssembly
Native extension for WindowsStandalone target not found
Native extension for WebGL target not found
Refreshing native plugins compatible for Editor in 1.25 ms, found 1 plugins.
Preloading 0 native plugins for Editor in 0.00 ms.
Invoked RoslynAnalysisRunner static constructor.
RoslynAnalysisRunner will not be running.
RoslynAnalysisRunner has terminated.
Mono: successfully reloaded assembly
- Completed reload, in  2.233 seconds
Platform modules already initialized, skipping
Refreshing native plugins compatible for Editor in 1.24 ms, found 1 plugins.
Preloading 0 native plugins for Editor in 0.00 ms.
Unloading 1907 Unused Serialized files (Serialized files now loaded: 0)
System memory in use before: 91.4 MB.
System memory in use after: 91.5 MB.

Unloading 20 unused Assets to reduce memory usage. Loaded Objects now: 2427.
Total: 8.002100 ms (FindLiveObjects: 0.891200 ms CreateObjectMapping: 0.361900 ms MarkObjects: 6.640300 ms  DeleteObjects: 0.102500 ms)

========================================================================
Received Import Request.
  Time since last request: 37.238856 seconds.
  path: Assets/Prefabs/Game objects/bullet.prefab
  artifactKey: Guid(ab7b5717ea167dd459e129b7104ecf69) Importer(815301076,1909f56bfc062723c751e8b465ee728b)
Start importing Assets/Prefabs/Game objects/bullet.prefab using Guid(ab7b5717ea167dd459e129b7104ecf69) Importer(815301076,1909f56bfc062723c751e8b465ee728b)  -> (artifact id: 'b28b6367d8491e2e2c00c7fde5d6d5a5') in 0.238319 seconds
  Import took 0.275721 seconds .

========================================================================
Received Prepare
Registering precompiled user dll's ...
Registered in 0.005124 seconds.
Begin MonoManager ReloadAssembly
Native extension for WindowsStandalone target not found
Native extension for WebGL target not found
Refreshing native plugins compatible for Editor in 1.44 ms, found 1 plugins.
Preloading 0 native plugins for Editor in 0.00 ms.
Invoked RoslynAnalysisRunner static constructor.
RoslynAnalysisRunner will not be running.
RoslynAnalysisRunner has terminated.
Mono: successfully reloaded assembly
- Completed reload, in  2.265 seconds
Platform modules already initialized, skipping
Refreshing native plugins compatible for Editor in 1.17 ms, found 1 plugins.
Preloading 0 native plugins for Editor in 0.00 ms.
Unloading 1907 Unused Serialized files (Serialized files now loaded: 0)
System memory in use before: 91.4 MB.
System memory in use after: 91.5 MB.

Unloading 20 unused Assets to reduce memory usage. Loaded Objects now: 2432.
Total: 9.180400 ms (FindLiveObjects: 0.690000 ms CreateObjectMapping: 0.148100 ms MarkObjects: 8.222900 ms  DeleteObjects: 0.114300 ms)

========================================================================
Received Import Request.
  Time since last request: 261.986988 seconds.
  path: ProjectSettings/TagManager.asset
  artifactKey: Guid(00000000000000003000000000000000) Importer(815301076,1909f56bfc062723c751e8b465ee728b)
Start importing ProjectSettings/TagManager.asset using Guid(00000000000000003000000000000000) Importer(815301076,1909f56bfc062723c751e8b465ee728b)  -> (artifact id: '306e13b25008dda16df6f279256fb9c9') in 0.075356 seconds
  Import took 0.310650 seconds .

========================================================================
Received Prepare
Registering precompiled user dll's ...
Registered in 0.002621 seconds.
Begin MonoManager ReloadAssembly
Native extension for WindowsStandalone target not found
Native extension for WebGL target not found
Refreshing native plugins compatible for Editor in 1.25 ms, found 1 plugins.
Preloading 0 native plugins for Editor in 0.00 ms.
Invoked RoslynAnalysisRunner static constructor.
RoslynAnalysisRunner will not be running.
RoslynAnalysisRunner has terminated.
Mono: successfully reloaded assembly
- Completed reload, in  2.440 seconds
Platform modules already initialized, skipping
Refreshing native plugins compatible for Editor in 1.42 ms, found 1 plugins.
Preloading 0 native plugins for Editor in 0.00 ms.
Unloading 1907 Unused Serialized files (Serialized files now loaded: 0)
System memory in use before: 91.4 MB.
System memory in use after: 91.5 MB.

Unloading 21 unused Assets to reduce memory usage. Loaded Objects now: 2436.
Total: 9.686100 ms (FindLiveObjects: 1.795300 ms CreateObjectMapping: 0.606400 ms MarkObjects: 7.197700 ms  DeleteObjects: 0.082300 ms)

========================================================================
Received Prepare
Registering precompiled user dll's ...
Registered in 0.002765 seconds.
Begin MonoManager ReloadAssembly
Native extension for WindowsStandalone target not found
Native extension for WebGL target not found
Refreshing native plugins compatible for Editor in 1.37 ms, found 1 plugins.
Preloading 0 native plugins for Editor in 0.00 ms.
Invoked RoslynAnalysisRunner static constructor.
RoslynAnalysisRunner will not be running.
RoslynAnalysisRunner has terminated.
Mono: successfully reloaded assembly
- Completed reload, in  2.298 seconds
Platform modules already initialized, skipping
Refreshing native plugins compatible for Editor in 1.22 ms, found 1 plugins.
Preloading 0 native plugins for Editor in 0.00 ms.
Unloading 1907 Unused Serialized files (Serialized files now loaded: 0)
System memory in use before: 91.4 MB.
System memory in use after: 91.5 MB.

Unloading 20 unused Assets to reduce memory usage. Loaded Objects now: 2440.
Total: 9.741700 ms (FindLiveObjects: 1.191400 ms CreateObjectMapping: 0.613900 ms MarkObjects: 7.818000 ms  DeleteObjects: 0.111300 ms)

========================================================================
Received Import Request.
  Time since last request: 380.225007 seconds.
  path: Assets/Prefabs/Game objects/bullet.prefab
  artifactKey: Guid(ab7b5717ea167dd459e129b7104ecf69) Importer(815301076,1909f56bfc062723c751e8b465ee728b)
Start importing Assets/Prefabs/Game objects/bullet.prefab using Guid(ab7b5717ea167dd459e129b7104ecf69) Importer(815301076,1909f56bfc062723c751e8b465ee728b)  -> (artifact id: '439b9001cfd0cb8875c81c6bef2aa53b') in 0.249807 seconds
  Import took 0.259219 seconds .

========================================================================
Received Import Request.
  Time since last request: 10.765038 seconds.
  path: Assets/Prefabs/Game objects/bullet.prefab
  artifactKey: Guid(ab7b5717ea167dd459e129b7104ecf69) Importer(815301076,1909f56bfc062723c751e8b465ee728b)
Start importing Assets/Prefabs/Game objects/bullet.prefab using Guid(ab7b5717ea167dd459e129b7104ecf69) Importer(815301076,1909f56bfc062723c751e8b465ee728b)  -> (artifact id: '63328dd6656f713592c052e7d54ec99d') in 0.108398 seconds
  Import took 0.204066 seconds .

========================================================================
Received Prepare
Registering precompiled user dll's ...
Registered in 0.002722 seconds.
Begin MonoManager ReloadAssembly
Native extension for WindowsStandalone target not found
Native extension for WebGL target not found
Refreshing native plugins compatible for Editor in 2.84 ms, found 1 plugins.
Preloading 0 native plugins for Editor in 0.00 ms.
Invoked RoslynAnalysisRunner static constructor.
RoslynAnalysisRunner will not be running.
RoslynAnalysisRunner has terminated.
Mono: successfully reloaded assembly
- Completed reload, in  2.572 seconds
Platform modules already initialized, skipping
Refreshing native plugins compatible for Editor in 1.51 ms, found 1 plugins.
Preloading 0 native plugins for Editor in 0.00 ms.
Unloading 1907 Unused Serialized files (Serialized files now loaded: 0)
System memory in use before: 91.4 MB.
System memory in use after: 91.6 MB.

Unloading 20 unused Assets to reduce memory usage. Loaded Objects now: 2445.
Total: 7.479900 ms (FindLiveObjects: 0.753000 ms CreateObjectMapping: 0.187600 ms MarkObjects: 6.437700 ms  DeleteObjects: 0.096600 ms)

========================================================================
Received Prepare
Registering precompiled user dll's ...
Registered in 0.003121 seconds.
Begin MonoManager ReloadAssembly
Native extension for WindowsStandalone target not found
Native extension for WebGL target not found
Refreshing native plugins compatible for Editor in 1.31 ms, found 1 plugins.
Preloading 0 native plugins for Editor in 0.00 ms.
Invoked RoslynAnalysisRunner static constructor.
RoslynAnalysisRunner will not be running.
RoslynAnalysisRunner has terminated.
Mono: successfully reloaded assembly
- Completed reload, in  3.417 seconds
Platform modules already initialized, skipping
Refreshing native plugins compatible for Editor in 1.64 ms, found 1 plugins.
Preloading 0 native plugins for Editor in 0.00 ms.
Unloading 1907 Unused Serialized files (Serialized files now loaded: 0)
System memory in use before: 91.4 MB.
System memory in use after: 91.6 MB.

Unloading 20 unused Assets to reduce memory usage. Loaded Objects now: 2449.
Total: 6.962800 ms (FindLiveObjects: 0.730500 ms CreateObjectMapping: 0.237500 ms MarkObjects: 5.870700 ms  DeleteObjects: 0.120300 ms)

========================================================================
Received Prepare
Registering precompiled user dll's ...
Registered in 0.004607 seconds.
Begin MonoManager ReloadAssembly
Native extension for WindowsStandalone target not found
Native extension for WebGL target not found
Refreshing native plugins compatible for Editor in 1.63 ms, found 1 plugins.
Preloading 0 native plugins for Editor in 0.00 ms.
Invoked RoslynAnalysisRunner static constructor.
RoslynAnalysisRunner will not be running.
RoslynAnalysisRunner has terminated.
Mono: successfully reloaded assembly
- Completed reload, in  2.311 seconds
Platform modules already initialized, skipping
Refreshing native plugins compatible for Editor in 1.44 ms, found 1 plugins.
Preloading 0 native plugins for Editor in 0.00 ms.
Unloading 1907 Unused Serialized files (Serialized files now loaded: 0)
System memory in use before: 91.5 MB.
System memory in use after: 91.6 MB.

Unloading 20 unused Assets to reduce memory usage. Loaded Objects now: 2453.
Total: 5.600100 ms (FindLiveObjects: 0.666100 ms CreateObjectMapping: 0.205700 ms MarkObjects: 4.650500 ms  DeleteObjects: 0.074500 ms)

========================================================================
Received Prepare
Registering precompiled user dll's ...
Registered in 0.002870 seconds.
Begin MonoManager ReloadAssembly
Native extension for WindowsStandalone target not found
Native extension for WebGL target not found
Refreshing native plugins compatible for Editor in 1.39 ms, found 1 plugins.
Preloading 0 native plugins for Editor in 0.00 ms.
Invoked RoslynAnalysisRunner static constructor.
RoslynAnalysisRunner will not be running.
RoslynAnalysisRunner has terminated.
Mono: successfully reloaded assembly
- Completed reload, in  2.277 seconds
Platform modules already initialized, skipping
Refreshing native plugins compatible for Editor in 1.36 ms, found 1 plugins.
Preloading 0 native plugins for Editor in 0.00 ms.
Unloading 1907 Unused Serialized files (Serialized files now loaded: 0)
System memory in use before: 91.5 MB.
System memory in use after: 91.6 MB.

Unloading 20 unused Assets to reduce memory usage. Loaded Objects now: 2457.
Total: 5.726400 ms (FindLiveObjects: 0.731600 ms CreateObjectMapping: 0.139300 ms MarkObjects: 4.736100 ms  DeleteObjects: 0.116600 ms)

========================================================================
Received Prepare
Registering precompiled user dll's ...
Registered in 0.002488 seconds.
Begin MonoManager ReloadAssembly
Native extension for WindowsStandalone target not found
Native extension for WebGL target not found
Refreshing native plugins compatible for Editor in 1.78 ms, found 1 plugins.
Preloading 0 native plugins for Editor in 0.00 ms.
Invoked RoslynAnalysisRunner static constructor.
RoslynAnalysisRunner will not be running.
RoslynAnalysisRunner has terminated.
Mono: successfully reloaded assembly
- Completed reload, in  2.260 seconds
Platform modules already initialized, skipping
Refreshing native plugins compatible for Editor in 1.19 ms, found 1 plugins.
Preloading 0 native plugins for Editor in 0.00 ms.
Unloading 1907 Unused Serialized files (Serialized files now loaded: 0)
System memory in use before: 91.5 MB.
System memory in use after: 91.6 MB.

Unloading 20 unused Assets to reduce memory usage. Loaded Objects now: 2461.
Total: 7.780100 ms (FindLiveObjects: 0.877100 ms CreateObjectMapping: 0.255300 ms MarkObjects: 6.556300 ms  DeleteObjects: 0.086900 ms)

========================================================================
Received Import Request.
  Time since last request: 363.703125 seconds.
  path: Assets/Prefabs/Game objects/Fuel.prefab
  artifactKey: Guid(c29b5589705de374585d21cd72587c2d) Importer(815301076,1909f56bfc062723c751e8b465ee728b)
Start importing Assets/Prefabs/Game objects/Fuel.prefab using Guid(c29b5589705de374585d21cd72587c2d) Importer(815301076,1909f56bfc062723c751e8b465ee728b)  -> (artifact id: '39bed76223e582ba8abfc1726386633e') in 0.326600 seconds
  Import took 0.547511 seconds .

========================================================================
Received Prepare
Registering precompiled user dll's ...
Registered in 0.002213 seconds.
Begin MonoManager ReloadAssembly
Native extension for WindowsStandalone target not found
Native extension for WebGL target not found
Refreshing native plugins compatible for Editor in 1.30 ms, found 1 plugins.
Preloading 0 native plugins for Editor in 0.00 ms.
Invoked RoslynAnalysisRunner static constructor.
RoslynAnalysisRunner will not be running.
RoslynAnalysisRunner has terminated.
Mono: successfully reloaded assembly
- Completed reload, in  2.374 seconds
Platform modules already initialized, skipping
Refreshing native plugins compatible for Editor in 1.79 ms, found 1 plugins.
Preloading 0 native plugins for Editor in 0.00 ms.
Unloading 1907 Unused Serialized files (Serialized files now loaded: 0)
System memory in use before: 91.5 MB.
System memory in use after: 91.6 MB.

Unloading 20 unused Assets to reduce memory usage. Loaded Objects now: 2466.
Total: 9.581700 ms (FindLiveObjects: 1.035700 ms CreateObjectMapping: 0.558400 ms MarkObjects: 7.874000 ms  DeleteObjects: 0.106800 ms)

========================================================================
Received Prepare
Registering precompiled user dll's ...
Registered in 0.002321 seconds.
Begin MonoManager ReloadAssembly
Native extension for WindowsStandalone target not found
Native extension for WebGL target not found
Refreshing native plugins compatible for Editor in 1.20 ms, found 1 plugins.
Preloading 0 native plugins for Editor in 0.00 ms.
Invoked RoslynAnalysisRunner static constructor.
RoslynAnalysisRunner will not be running.
RoslynAnalysisRunner has terminated.
Mono: successfully reloaded assembly
- Completed reload, in  2.173 seconds
Platform modules already initialized, skipping
Refreshing native plugins compatible for Editor in 1.53 ms, found 1 plugins.
Preloading 0 native plugins for Editor in 0.00 ms.
Unloading 1907 Unused Serialized files (Serialized files now loaded: 0)
System memory in use before: 91.5 MB.
System memory in use after: 91.6 MB.

Unloading 20 unused Assets to reduce memory usage. Loaded Objects now: 2470.
Total: 6.950100 ms (FindLiveObjects: 0.676500 ms CreateObjectMapping: 0.186300 ms MarkObjects: 5.982800 ms  DeleteObjects: 0.100200 ms)

========================================================================
Received Prepare
Registering precompiled user dll's ...
Registered in 0.003445 seconds.
Begin MonoManager ReloadAssembly
Native extension for WindowsStandalone target not found
Native extension for WebGL target not found
Refreshing native plugins compatible for Editor in 1.39 ms, found 1 plugins.
Preloading 0 native plugins for Editor in 0.00 ms.
Invoked RoslynAnalysisRunner static constructor.
RoslynAnalysisRunner will not be running.
RoslynAnalysisRunner has terminated.
Mono: successfully reloaded assembly
- Completed reload, in  2.180 seconds
Platform modules already initialized, skipping
Refreshing native plugins compatible for Editor in 1.58 ms, found 1 plugins.
Preloading 0 native plugins for Editor in 0.00 ms.
Unloading 1907 Unused Serialized files (Serialized files now loaded: 0)
System memory in use before: 91.5 MB.
System memory in use after: 91.6 MB.

Unloading 20 unused Assets to reduce memory usage. Loaded Objects now: 2474.
Total: 6.112300 ms (FindLiveObjects: 0.763700 ms CreateObjectMapping: 0.130200 ms MarkObjects: 5.070500 ms  DeleteObjects: 0.090400 ms)

========================================================================
Received Prepare
Registering precompiled user dll's ...
Registered in 0.002140 seconds.
Begin MonoManager ReloadAssembly
Native extension for WindowsStandalone target not found
Native extension for WebGL target not found
Refreshing native plugins compatible for Editor in 1.93 ms, found 1 plugins.
Preloading 0 native plugins for Editor in 0.00 ms.
Invoked RoslynAnalysisRunner static constructor.
RoslynAnalysisRunner will not be running.
RoslynAnalysisRunner has terminated.
Mono: successfully reloaded assembly
- Completed reload, in  2.384 seconds
Platform modules already initialized, skipping
Refreshing native plugins compatible for Editor in 1.19 ms, found 1 plugins.
Preloading 0 native plugins for Editor in 0.00 ms.
Unloading 1907 Unused Serialized files (Serialized files now loaded: 0)
System memory in use before: 91.5 MB.
System memory in use after: 91.6 MB.

Unloading 20 unused Assets to reduce memory usage. Loaded Objects now: 2478.
Total: 7.136200 ms (FindLiveObjects: 0.943000 ms CreateObjectMapping: 0.258800 ms MarkObjects: 5.675100 ms  DeleteObjects: 0.254600 ms)

========================================================================
Received Prepare
Registering precompiled user dll's ...
Registered in 0.003957 seconds.
Begin MonoManager ReloadAssembly
Native extension for WindowsStandalone target not found
Native extension for WebGL target not found
Refreshing native plugins compatible for Editor in 1.44 ms, found 1 plugins.
Preloading 0 native plugins for Editor in 0.00 ms.
Invoked RoslynAnalysisRunner static constructor.
RoslynAnalysisRunner will not be running.
RoslynAnalysisRunner has terminated.
Mono: successfully reloaded assembly
- Completed reload, in  2.205 seconds
Platform modules already initialized, skipping
Refreshing native plugins compatible for Editor in 1.46 ms, found 1 plugins.
Preloading 0 native plugins for Editor in 0.00 ms.
Unloading 1907 Unused Serialized files (Serialized files now loaded: 0)
System memory in use before: 91.5 MB.
System memory in use after: 91.6 MB.

Unloading 20 unused Assets to reduce memory usage. Loaded Objects now: 2482.
Total: 9.156900 ms (FindLiveObjects: 0.860000 ms CreateObjectMapping: 0.165100 ms MarkObjects: 8.000400 ms  DeleteObjects: 0.124700 ms)

========================================================================
Received Prepare
Registering precompiled user dll's ...
Registered in 0.002226 seconds.
Begin MonoManager ReloadAssembly
Native extension for WindowsStandalone target not found
Native extension for WebGL target not found
Refreshing native plugins compatible for Editor in 1.25 ms, found 1 plugins.
Preloading 0 native plugins for Editor in 0.00 ms.
Invoked RoslynAnalysisRunner static constructor.
RoslynAnalysisRunner will not be running.
RoslynAnalysisRunner has terminated.
Mono: successfully reloaded assembly
- Completed reload, in  2.318 seconds
Platform modules already initialized, skipping
Refreshing native plugins compatible for Editor in 1.26 ms, found 1 plugins.
Preloading 0 native plugins for Editor in 0.00 ms.
Unloading 1920 Unused Serialized files (Serialized files now loaded: 0)
System memory in use before: 93.3 MB.
System memory in use after: 92.8 MB.

Unloading 33 unused Assets to reduce memory usage. Loaded Objects now: 2486.
Total: 6.955800 ms (FindLiveObjects: 0.658400 ms CreateObjectMapping: 0.206500 ms MarkObjects: 5.161400 ms  DeleteObjects: 0.926100 ms)

========================================================================
Received Prepare
Registering precompiled user dll's ...
Registered in 0.002442 seconds.
Begin MonoManager ReloadAssembly
Native extension for WindowsStandalone target not found
Native extension for WebGL target not found
Refreshing native plugins compatible for Editor in 2.04 ms, found 1 plugins.
Preloading 0 native plugins for Editor in 0.00 ms.
Invoked RoslynAnalysisRunner static constructor.
RoslynAnalysisRunner will not be running.
RoslynAnalysisRunner has terminated.
Mono: successfully reloaded assembly
- Completed reload, in  2.169 seconds
Platform modules already initialized, skipping
Refreshing native plugins compatible for Editor in 1.79 ms, found 1 plugins.
Preloading 0 native plugins for Editor in 0.00 ms.
Unloading 1920 Unused Serialized files (Serialized files now loaded: 0)
System memory in use before: 93.3 MB.
System memory in use after: 92.8 MB.

Unloading 33 unused Assets to reduce memory usage. Loaded Objects now: 2490.
Total: 6.892400 ms (FindLiveObjects: 0.739800 ms CreateObjectMapping: 0.170700 ms MarkObjects: 5.077400 ms  DeleteObjects: 0.901000 ms)

========================================================================
Received Prepare
Registering precompiled user dll's ...
Registered in 0.002818 seconds.
Begin MonoManager ReloadAssembly
Native extension for WindowsStandalone target not found
Native extension for WebGL target not found
Refreshing native plugins compatible for Editor in 1.39 ms, found 1 plugins.
Preloading 0 native plugins for Editor in 0.00 ms.
Invoked RoslynAnalysisRunner static constructor.
RoslynAnalysisRunner will not be running.
RoslynAnalysisRunner has terminated.
Mono: successfully reloaded assembly
- Completed reload, in  2.232 seconds
Platform modules already initialized, skipping
Refreshing native plugins compatible for Editor in 1.47 ms, found 1 plugins.
Preloading 0 native plugins for Editor in 0.00 ms.
Unloading 1920 Unused Serialized files (Serialized files now loaded: 0)
System memory in use before: 93.3 MB.
System memory in use after: 92.8 MB.

Unloading 33 unused Assets to reduce memory usage. Loaded Objects now: 2494.
Total: 8.699800 ms (FindLiveObjects: 0.812000 ms CreateObjectMapping: 0.255000 ms MarkObjects: 6.194900 ms  DeleteObjects: 1.433100 ms)

========================================================================
Received Prepare
Registering precompiled user dll's ...
Registered in 0.002397 seconds.
Begin MonoManager ReloadAssembly
Native extension for WindowsStandalone target not found
Native extension for WebGL target not found
Refreshing native plugins compatible for Editor in 1.75 ms, found 1 plugins.
Preloading 0 native plugins for Editor in 0.00 ms.
Invoked RoslynAnalysisRunner static constructor.
RoslynAnalysisRunner will not be running.
RoslynAnalysisRunner has terminated.
Mono: successfully reloaded assembly
- Completed reload, in  2.183 seconds
Platform modules already initialized, skipping
Refreshing native plugins compatible for Editor in 1.51 ms, found 1 plugins.
Preloading 0 native plugins for Editor in 0.00 ms.
Unloading 1920 Unused Serialized files (Serialized files now loaded: 0)
System memory in use before: 93.3 MB.
System memory in use after: 92.8 MB.

Unloading 33 unused Assets to reduce memory usage. Loaded Objects now: 2498.
Total: 6.374500 ms (FindLiveObjects: 0.678400 ms CreateObjectMapping: 0.132100 ms MarkObjects: 4.641600 ms  DeleteObjects: 0.918600 ms)

========================================================================
Received Prepare
Registering precompiled user dll's ...
Registered in 0.004966 seconds.
Begin MonoManager ReloadAssembly
Native extension for WindowsStandalone target not found
Native extension for WebGL target not found
Refreshing native plugins compatible for Editor in 1.63 ms, found 1 plugins.
Preloading 0 native plugins for Editor in 0.00 ms.
Invoked RoslynAnalysisRunner static constructor.
RoslynAnalysisRunner will not be running.
RoslynAnalysisRunner has terminated.
Mono: successfully reloaded assembly
- Completed reload, in  2.187 seconds
Platform modules already initialized, skipping
Refreshing native plugins compatible for Editor in 1.37 ms, found 1 plugins.
Preloading 0 native plugins for Editor in 0.00 ms.
Unloading 1920 Unused Serialized files (Serialized files now loaded: 0)
System memory in use before: 93.3 MB.
System memory in use after: 92.8 MB.

Unloading 33 unused Assets to reduce memory usage. Loaded Objects now: 2502.
Total: 7.611200 ms (FindLiveObjects: 1.018500 ms CreateObjectMapping: 0.276100 ms MarkObjects: 5.102500 ms  DeleteObjects: 1.209800 ms)

========================================================================
Received Import Request.
  Time since last request: 1969.628511 seconds.
  path: Assets/Prefabs/Game objects/Fuel.prefab
  artifactKey: Guid(c29b5589705de374585d21cd72587c2d) Importer(815301076,1909f56bfc062723c751e8b465ee728b)
Start importing Assets/Prefabs/Game objects/Fuel.prefab using Guid(c29b5589705de374585d21cd72587c2d) Importer(815301076,1909f56bfc062723c751e8b465ee728b)  -> (artifact id: 'be91c8b9d9059c83fd469e5069db42d1') in 0.235951 seconds
  Import took 0.257183 seconds .

========================================================================
Received Import Request.
  Time since last request: 5.878930 seconds.
  path: Assets/Prefabs/Game objects/Fuel.prefab
  artifactKey: Guid(c29b5589705de374585d21cd72587c2d) Importer(815301076,1909f56bfc062723c751e8b465ee728b)
Start importing Assets/Prefabs/Game objects/Fuel.prefab using Guid(c29b5589705de374585d21cd72587c2d) Importer(815301076,1909f56bfc062723c751e8b465ee728b)  -> (artifact id: '3595e28b79752689b74271f755dfd89d') in 0.091297 seconds
  Import took 0.115391 seconds .

========================================================================
Received Import Request.
  Time since last request: 5.142530 seconds.
  path: Assets/Prefabs/Game objects/ToDoPlace.prefab
  artifactKey: Guid(2cb3c47ce4ce19142ac95c1caabcee94) Importer(815301076,1909f56bfc062723c751e8b465ee728b)
Start importing Assets/Prefabs/Game objects/ToDoPlace.prefab using Guid(2cb3c47ce4ce19142ac95c1caabcee94) Importer(815301076,1909f56bfc062723c751e8b465ee728b)  -> (artifact id: '781dcef3cc3a32d03546ebb28d6aae10') in 0.096576 seconds
  Import took 0.111752 seconds .

========================================================================
Received Import Request.
  Time since last request: 0.000859 seconds.
  path: Assets/Prefabs/Game objects/ToDoPlace.prefab
  artifactKey: Guid(2cb3c47ce4ce19142ac95c1caabcee94) Importer(815301076,1909f56bfc062723c751e8b465ee728b)
Start importing Assets/Prefabs/Game objects/ToDoPlace.prefab using Guid(2cb3c47ce4ce19142ac95c1caabcee94) Importer(815301076,1909f56bfc062723c751e8b465ee728b)  -> (artifact id: '781dcef3cc3a32d03546ebb28d6aae10') in 0.036632 seconds
  Import took 0.047183 seconds .

========================================================================
Received Import Request.
  Time since last request: 7.037492 seconds.
  path: Assets/Prefabs/Game objects/ToDoPlace.prefab
  artifactKey: Guid(2cb3c47ce4ce19142ac95c1caabcee94) Importer(815301076,1909f56bfc062723c751e8b465ee728b)
Start importing Assets/Prefabs/Game objects/ToDoPlace.prefab using Guid(2cb3c47ce4ce19142ac95c1caabcee94) Importer(815301076,1909f56bfc062723c751e8b465ee728b)  -> (artifact id: '3a99d95c170676f90902d6db5641e669') in 0.056829 seconds
  Import took 0.079197 seconds .

========================================================================
Received Prepare
Registering precompiled user dll's ...
Registered in 0.002559 seconds.
Begin MonoManager ReloadAssembly
Native extension for WindowsStandalone target not found
Native extension for WebGL target not found
Refreshing native plugins compatible for Editor in 1.93 ms, found 1 plugins.
Preloading 0 native plugins for Editor in 0.00 ms.
Invoked RoslynAnalysisRunner static constructor.
RoslynAnalysisRunner will not be running.
RoslynAnalysisRunner has terminated.
Mono: successfully reloaded assembly
- Completed reload, in  2.332 seconds
Platform modules already initialized, skipping
Refreshing native plugins compatible for Editor in 1.30 ms, found 1 plugins.
Preloading 0 native plugins for Editor in 0.00 ms.
Unloading 1920 Unused Serialized files (Serialized files now loaded: 0)
System memory in use before: 93.4 MB.
System memory in use after: 92.9 MB.

Unloading 33 unused Assets to reduce memory usage. Loaded Objects now: 2507.
Total: 6.502600 ms (FindLiveObjects: 0.638900 ms CreateObjectMapping: 0.113300 ms MarkObjects: 4.833100 ms  DeleteObjects: 0.914500 ms)

========================================================================
Received Import Request.
  Time since last request: 56.561860 seconds.
  path: Assets/Prefabs/Game objects/Fuel.prefab
  artifactKey: Guid(c29b5589705de374585d21cd72587c2d) Importer(815301076,1909f56bfc062723c751e8b465ee728b)
Start importing Assets/Prefabs/Game objects/Fuel.prefab using Guid(c29b5589705de374585d21cd72587c2d) Importer(815301076,1909f56bfc062723c751e8b465ee728b)  -> (artifact id: '0a1a691972a9e7f1678822a716363e8b') in 0.189657 seconds
  Import took 0.254252 seconds .

========================================================================
Received Import Request.
  Time since last request: 4.082985 seconds.
  path: Assets/Prefabs/Game objects/Fuel.prefab
  artifactKey: Guid(c29b5589705de374585d21cd72587c2d) Importer(815301076,1909f56bfc062723c751e8b465ee728b)
Start importing Assets/Prefabs/Game objects/Fuel.prefab using Guid(c29b5589705de374585d21cd72587c2d) Importer(815301076,1909f56bfc062723c751e8b465ee728b)  -> (artifact id: '3d1fbf19d86cd3ffac41fecb9b2c44f9') in 0.069409 seconds
  Import took 0.078044 seconds .

========================================================================
Received Prepare
Registering precompiled user dll's ...
Registered in 0.003333 seconds.
Begin MonoManager ReloadAssembly
Native extension for WindowsStandalone target not found
Native extension for WebGL target not found
Refreshing native plugins compatible for Editor in 1.27 ms, found 1 plugins.
Preloading 0 native plugins for Editor in 0.00 ms.
Invoked RoslynAnalysisRunner static constructor.
RoslynAnalysisRunner will not be running.
RoslynAnalysisRunner has terminated.
Mono: successfully reloaded assembly
- Completed reload, in  2.133 seconds
Platform modules already initialized, skipping
Refreshing native plugins compatible for Editor in 1.19 ms, found 1 plugins.
Preloading 0 native plugins for Editor in 0.00 ms.
Unloading 1920 Unused Serialized files (Serialized files now loaded: 0)
System memory in use before: 93.4 MB.
System memory in use after: 92.9 MB.

Unloading 33 unused Assets to reduce memory usage. Loaded Objects now: 2512.
Total: 6.706800 ms (FindLiveObjects: 0.582300 ms CreateObjectMapping: 0.158700 ms MarkObjects: 5.034700 ms  DeleteObjects: 0.926700 ms)

========================================================================
Received Import Request.
  Time since last request: 250.272125 seconds.
  path: Assets/Scenes/Start.unity
  artifactKey: Guid(61edf5937e937e244ab3c3eb093bd32b) Importer(815301076,1909f56bfc062723c751e8b465ee728b)
Start importing Assets/Scenes/Start.unity using Guid(61edf5937e937e244ab3c3eb093bd32b) Importer(815301076,1909f56bfc062723c751e8b465ee728b)  -> (artifact id: 'c876fa7446506a31a18c80a1acf7bb65') in 0.049315 seconds
  Import took 0.063674 seconds .

========================================================================
Received Import Request.
  Time since last request: 121.901338 seconds.
  path: Assets/Scenes/Level.unity
  artifactKey: Guid(2cda990e2423bbf4892e6590ba056729) Importer(815301076,1909f56bfc062723c751e8b465ee728b)
Start importing Assets/Scenes/Level.unity using Guid(2cda990e2423bbf4892e6590ba056729) Importer(815301076,1909f56bfc062723c751e8b465ee728b)  -> (artifact id: '8e7167b43ab4bb3c8d4c7c469d3bb1f9') in 0.040022 seconds
  Import took 0.048581 seconds .

========================================================================
Received Prepare
Registering precompiled user dll's ...
Registered in 0.003767 seconds.
Begin MonoManager ReloadAssembly
Native extension for WindowsStandalone target not found
Native extension for WebGL target not found
Refreshing native plugins compatible for Editor in 2.87 ms, found 1 plugins.
Preloading 0 native plugins for Editor in 0.00 ms.
Invoked RoslynAnalysisRunner static constructor.
RoslynAnalysisRunner will not be running.
RoslynAnalysisRunner has terminated.
Mono: successfully reloaded assembly
- Completed reload, in  2.142 seconds
Platform modules already initialized, skipping
Refreshing native plugins compatible for Editor in 1.28 ms, found 1 plugins.
Preloading 0 native plugins for Editor in 0.00 ms.
Unloading 1920 Unused Serialized files (Serialized files now loaded: 0)
System memory in use before: 93.4 MB.
System memory in use after: 92.9 MB.

Unloading 33 unused Assets to reduce memory usage. Loaded Objects now: 2516.
Total: 6.463400 ms (FindLiveObjects: 0.546500 ms CreateObjectMapping: 0.091200 ms MarkObjects: 4.899600 ms  DeleteObjects: 0.923300 ms)

========================================================================
Received Import Request.
  Time since last request: 120.577852 seconds.
  path: Assets/Prefabs/Game objects/GameManager.prefab
  artifactKey: Guid(0164c8a2975c5544189ceead0ec69dfc) Importer(815301076,1909f56bfc062723c751e8b465ee728b)
Start importing Assets/Prefabs/Game objects/GameManager.prefab using Guid(0164c8a2975c5544189ceead0ec69dfc) Importer(815301076,1909f56bfc062723c751e8b465ee728b)  -> (artifact id: '3cec189171d7ac45f0423069b08f3290') in 0.127391 seconds
  Import took 0.138170 seconds .

========================================================================
Received Import Request.
  Time since last request: 0.004756 seconds.
  path: Assets/Prefabs/Game objects/GameManager.prefab
  artifactKey: Guid(0164c8a2975c5544189ceead0ec69dfc) Importer(815301076,1909f56bfc062723c751e8b465ee728b)
Start importing Assets/Prefabs/Game objects/GameManager.prefab using Guid(0164c8a2975c5544189ceead0ec69dfc) Importer(815301076,1909f56bfc062723c751e8b465ee728b)  -> (artifact id: '3cec189171d7ac45f0423069b08f3290') in 0.027352 seconds
  Import took 0.038346 seconds .

========================================================================
Received Import Request.
  Time since last request: 4.976086 seconds.
  path: Assets/Scenes/Level.unity
  artifactKey: Guid(2cda990e2423bbf4892e6590ba056729) Importer(815301076,1909f56bfc062723c751e8b465ee728b)
Start importing Assets/Scenes/Level.unity using Guid(2cda990e2423bbf4892e6590ba056729) Importer(815301076,1909f56bfc062723c751e8b465ee728b)  -> (artifact id: 'c24b187e34f659774b890353b27cdc40') in 0.021057 seconds
  Import took 0.030463 seconds .

========================================================================
Received Import Request.
  Time since last request: 2.403621 seconds.
  path: Assets/Scenes/Start.unity
  artifactKey: Guid(61edf5937e937e244ab3c3eb093bd32b) Importer(815301076,1909f56bfc062723c751e8b465ee728b)
Start importing Assets/Scenes/Start.unity using Guid(61edf5937e937e244ab3c3eb093bd32b) Importer(815301076,1909f56bfc062723c751e8b465ee728b)  -> (artifact id: '7e6b7f478eaffac9ba2cf4773b309dc9') in 0.033718 seconds
  Import took 0.043074 seconds .

========================================================================
Received Prepare
Registering precompiled user dll's ...
Registered in 0.003113 seconds.
Begin MonoManager ReloadAssembly
Native extension for WindowsStandalone target not found
Native extension for WebGL target not found
Refreshing native plugins compatible for Editor in 1.31 ms, found 1 plugins.
Preloading 0 native plugins for Editor in 0.00 ms.
Invoked RoslynAnalysisRunner static constructor.
RoslynAnalysisRunner will not be running.
RoslynAnalysisRunner has terminated.
Mono: successfully reloaded assembly
- Completed reload, in  2.307 seconds
Platform modules already initialized, skipping
Refreshing native plugins compatible for Editor in 1.22 ms, found 1 plugins.
Preloading 0 native plugins for Editor in 0.00 ms.
Unloading 1920 Unused Serialized files (Serialized files now loaded: 0)
System memory in use before: 93.4 MB.
System memory in use after: 92.9 MB.

Unloading 33 unused Assets to reduce memory usage. Loaded Objects now: 2520.
Total: 8.841000 ms (FindLiveObjects: 2.027600 ms CreateObjectMapping: 0.534600 ms MarkObjects: 5.294000 ms  DeleteObjects: 0.980100 ms)

========================================================================
Received Import Request.
  Time since last request: 90.202218 seconds.
  path: Assets/Prefabs/Game objects/Grid.prefab
  artifactKey: Guid(a64a09815b2a2aa4a85c105af9b9b8e7) Importer(815301076,1909f56bfc062723c751e8b465ee728b)
Start importing Assets/Prefabs/Game objects/Grid.prefab using Guid(a64a09815b2a2aa4a85c105af9b9b8e7) Importer(815301076,1909f56bfc062723c751e8b465ee728b)  -> (artifact id: '3e7b7657152f18e2a67cc1f3b4093d45') in 0.141175 seconds
  Import took 0.156145 seconds .

========================================================================
Received Import Request.
  Time since last request: 9.788341 seconds.
  path: Assets/Scenes/Start.unity
  artifactKey: Guid(61edf5937e937e244ab3c3eb093bd32b) Importer(815301076,1909f56bfc062723c751e8b465ee728b)
Start importing Assets/Scenes/Start.unity using Guid(61edf5937e937e244ab3c3eb093bd32b) Importer(815301076,1909f56bfc062723c751e8b465ee728b)  -> (artifact id: '5d3e0c687bb34c87c3c4fce4fd91f7f2') in 0.027103 seconds
  Import took 0.075644 seconds .

========================================================================
Received Import Request.
  Time since last request: 320.081629 seconds.
  path: Assets/Scenes/Start.unity
  artifactKey: Guid(61edf5937e937e244ab3c3eb093bd32b) Importer(815301076,1909f56bfc062723c751e8b465ee728b)
Start importing Assets/Scenes/Start.unity using Guid(61edf5937e937e244ab3c3eb093bd32b) Importer(815301076,1909f56bfc062723c751e8b465ee728b)  -> (artifact id: '442a1fb62ed3960542019e247bb84e3a') in 0.017130 seconds
  Import took 0.024148 seconds .

========================================================================
Received Import Request.
  Time since last request: 0.794540 seconds.
  path: Assets/Scenes/Level.unity
  artifactKey: Guid(2cda990e2423bbf4892e6590ba056729) Importer(815301076,1909f56bfc062723c751e8b465ee728b)
Start importing Assets/Scenes/Level.unity using Guid(2cda990e2423bbf4892e6590ba056729) Importer(815301076,1909f56bfc062723c751e8b465ee728b)  -> (artifact id: '6b6d14d0059be2b5a8d568ed437f15c2') in 0.032869 seconds
  Import took 0.040880 seconds .

========================================================================
Received Import Request.
  Time since last request: 23.705409 seconds.
  path: Assets/Scripts/sCOREsCRIPT.cs
  artifactKey: Guid(67efbd4451be6ad4babea1029797ae28) Importer(815301076,1909f56bfc062723c751e8b465ee728b)
Start importing Assets/Scripts/sCOREsCRIPT.cs using Guid(67efbd4451be6ad4babea1029797ae28) Importer(815301076,1909f56bfc062723c751e8b465ee728b)  -> (artifact id: '18a554001e279c8b76371951182b1eb1') in 0.037791 seconds
  Import took 0.056459 seconds .

========================================================================
Received Prepare
Registering precompiled user dll's ...
Registered in 0.002226 seconds.
Begin MonoManager ReloadAssembly
Native extension for WindowsStandalone target not found
Native extension for WebGL target not found
Refreshing native plugins compatible for Editor in 1.77 ms, found 1 plugins.
Preloading 0 native plugins for Editor in 0.00 ms.
Invoked RoslynAnalysisRunner static constructor.
RoslynAnalysisRunner will not be running.
RoslynAnalysisRunner has terminated.
Mono: successfully reloaded assembly
- Completed reload, in  2.545 seconds
Platform modules already initialized, skipping
Refreshing native plugins compatible for Editor in 1.41 ms, found 1 plugins.
Preloading 0 native plugins for Editor in 0.00 ms.
Unloading 1921 Unused Serialized files (Serialized files now loaded: 0)
System memory in use before: 93.5 MB.
System memory in use after: 93.0 MB.

Unloading 33 unused Assets to reduce memory usage. Loaded Objects now: 2525.
Total: 10.517900 ms (FindLiveObjects: 1.136200 ms CreateObjectMapping: 1.098700 ms MarkObjects: 7.088300 ms  DeleteObjects: 1.189600 ms)

========================================================================
Received Prepare
Registering precompiled user dll's ...
Registered in 0.002893 seconds.
Begin MonoManager ReloadAssembly
Native extension for WindowsStandalone target not found
Native extension for WebGL target not found
Refreshing native plugins compatible for Editor in 1.85 ms, found 1 plugins.
Preloading 0 native plugins for Editor in 0.00 ms.
Invoked RoslynAnalysisRunner static constructor.
RoslynAnalysisRunner will not be running.
RoslynAnalysisRunner has terminated.
Mono: successfully reloaded assembly
- Completed reload, in  2.254 seconds
Platform modules already initialized, skipping
Refreshing native plugins compatible for Editor in 1.37 ms, found 1 plugins.
Preloading 0 native plugins for Editor in 0.00 ms.
Unloading 1921 Unused Serialized files (Serialized files now loaded: 0)
System memory in use before: 93.5 MB.
System memory in use after: 93.0 MB.

Unloading 33 unused Assets to reduce memory usage. Loaded Objects now: 2529.
Total: 7.156400 ms (FindLiveObjects: 1.064500 ms CreateObjectMapping: 0.329100 ms MarkObjects: 4.813600 ms  DeleteObjects: 0.944000 ms)

========================================================================
Received Import Request.
  Time since last request: 230.335266 seconds.
  path: Assets/Scripts/sCOREsCRIPT.cs
  artifactKey: Guid(67efbd4451be6ad4babea1029797ae28) Importer(815301076,1909f56bfc062723c751e8b465ee728b)
Start importing Assets/Scripts/sCOREsCRIPT.cs using Guid(67efbd4451be6ad4babea1029797ae28) Importer(815301076,1909f56bfc062723c751e8b465ee728b)  -> (artifact id: '19785e9e15fa4c636f27d9eb3d7adfda') in 0.019588 seconds
  Import took 0.066615 seconds .

========================================================================
Received Prepare
Registering precompiled user dll's ...
Registered in 0.003146 seconds.
Begin MonoManager ReloadAssembly
Native extension for WindowsStandalone target not found
Native extension for WebGL target not found
Refreshing native plugins compatible for Editor in 1.35 ms, found 1 plugins.
Preloading 0 native plugins for Editor in 0.00 ms.
Invoked RoslynAnalysisRunner static constructor.
RoslynAnalysisRunner will not be running.
RoslynAnalysisRunner has terminated.
Mono: successfully reloaded assembly
- Completed reload, in  2.118 seconds
Platform modules already initialized, skipping
Refreshing native plugins compatible for Editor in 1.20 ms, found 1 plugins.
Preloading 0 native plugins for Editor in 0.00 ms.
Unloading 1921 Unused Serialized files (Serialized files now loaded: 0)
System memory in use before: 93.5 MB.
System memory in use after: 93.0 MB.

Unloading 33 unused Assets to reduce memory usage. Loaded Objects now: 2533.
Total: 6.605500 ms (FindLiveObjects: 0.661600 ms CreateObjectMapping: 0.164000 ms MarkObjects: 4.828700 ms  DeleteObjects: 0.946800 ms)

========================================================================
Received Prepare
Registering precompiled user dll's ...
Registered in 0.002274 seconds.
Begin MonoManager ReloadAssembly
Native extension for WindowsStandalone target not found
Native extension for WebGL target not found
Refreshing native plugins compatible for Editor in 3.18 ms, found 1 plugins.
Preloading 0 native plugins for Editor in 0.00 ms.
Invoked RoslynAnalysisRunner static constructor.
RoslynAnalysisRunner will not be running.
RoslynAnalysisRunner has terminated.
Mono: successfully reloaded assembly
- Completed reload, in  2.363 seconds
Platform modules already initialized, skipping
Refreshing native plugins compatible for Editor in 1.25 ms, found 1 plugins.
Preloading 0 native plugins for Editor in 0.00 ms.
Unloading 1921 Unused Serialized files (Serialized files now loaded: 0)
System memory in use before: 93.5 MB.
System memory in use after: 93.0 MB.

Unloading 33 unused Assets to reduce memory usage. Loaded Objects now: 2537.
Total: 7.313200 ms (FindLiveObjects: 0.816800 ms CreateObjectMapping: 0.317800 ms MarkObjects: 5.131200 ms  DeleteObjects: 1.041900 ms)

========================================================================
Received Import Request.
  Time since last request: 593.816489 seconds.
  path: Assets/Prefabs/Game objects/Fuel.prefab
  artifactKey: Guid(c29b5589705de374585d21cd72587c2d) Importer(815301076,1909f56bfc062723c751e8b465ee728b)
Start importing Assets/Prefabs/Game objects/Fuel.prefab using Guid(c29b5589705de374585d21cd72587c2d) Importer(815301076,1909f56bfc062723c751e8b465ee728b)  -> (artifact id: 'e2359c6bfe92cf8fa7bdaeb83148eeea') in 0.226206 seconds
  Import took 0.246461 seconds .

========================================================================
Received Import Request.
  Time since last request: 4.841793 seconds.
  path: Assets/Prefabs/Game objects/Fuel.prefab
  artifactKey: Guid(c29b5589705de374585d21cd72587c2d) Importer(815301076,1909f56bfc062723c751e8b465ee728b)
Start importing Assets/Prefabs/Game objects/Fuel.prefab using Guid(c29b5589705de374585d21cd72587c2d) Importer(815301076,1909f56bfc062723c751e8b465ee728b)  -> (artifact id: '810d2e2ba7d5ed2a4fe3555d76f20cb6') in 0.076638 seconds
  Import took 0.086785 seconds .

========================================================================
Received Import Request.
  Time since last request: 7.797299 seconds.
  path: Assets/Prefabs/Game objects/Fuel.prefab
  artifactKey: Guid(c29b5589705de374585d21cd72587c2d) Importer(815301076,1909f56bfc062723c751e8b465ee728b)
Start importing Assets/Prefabs/Game objects/Fuel.prefab using Guid(c29b5589705de374585d21cd72587c2d) Importer(815301076,1909f56bfc062723c751e8b465ee728b)  -> (artifact id: '54928a004d4944c7fb698fd43688f142') in 0.055254 seconds
  Import took 0.064478 seconds .

========================================================================
Received Import Request.
  Time since last request: 2.279388 seconds.
  path: Assets/Prefabs/Game objects/Fuel.prefab
  artifactKey: Guid(c29b5589705de374585d21cd72587c2d) Importer(815301076,1909f56bfc062723c751e8b465ee728b)
Start importing Assets/Prefabs/Game objects/Fuel.prefab using Guid(c29b5589705de374585d21cd72587c2d) Importer(815301076,1909f56bfc062723c751e8b465ee728b)  -> (artifact id: 'd36707bf165212a9a7ba96055385815e') in 0.070978 seconds
  Import took 0.079561 seconds .

========================================================================
Received Prepare
Registering precompiled user dll's ...
Registered in 0.001897 seconds.
Begin MonoManager ReloadAssembly
Native extension for WindowsStandalone target not found
Native extension for WebGL target not found
Refreshing native plugins compatible for Editor in 0.87 ms, found 1 plugins.
Preloading 0 native plugins for Editor in 0.00 ms.
Invoked RoslynAnalysisRunner static constructor.
RoslynAnalysisRunner will not be running.
RoslynAnalysisRunner has terminated.
Mono: successfully reloaded assembly
- Completed reload, in  1.126 seconds
Platform modules already initialized, skipping
Refreshing native plugins compatible for Editor in 0.60 ms, found 1 plugins.
Preloading 0 native plugins for Editor in 0.00 ms.
Unloading 1921 Unused Serialized files (Serialized files now loaded: 0)
System memory in use before: 93.5 MB.
System memory in use after: 93.0 MB.

Unloading 33 unused Assets to reduce memory usage. Loaded Objects now: 2542.
Total: 4.077100 ms (FindLiveObjects: 0.325000 ms CreateObjectMapping: 0.126600 ms MarkObjects: 3.001300 ms  DeleteObjects: 0.622000 ms)

========================================================================
Received Import Request.
  Time since last request: 574.311475 seconds.
  path: Assets/Prefabs/Game objects/Enemy.prefab
  artifactKey: Guid(4afaba20cda85a247a3505e6778cbac8) Importer(815301076,1909f56bfc062723c751e8b465ee728b)
Start importing Assets/Prefabs/Game objects/Enemy.prefab using Guid(4afaba20cda85a247a3505e6778cbac8) Importer(815301076,1909f56bfc062723c751e8b465ee728b)  -> (artifact id: '6fc481391bd2032bf1e5f88ee2c62562') in 0.116443 seconds
  Import took 0.121565 seconds .

========================================================================
Received Import Request.
  Time since last request: 0.002561 seconds.
  path: Assets/Prefabs/Game objects/Enemy.prefab
  artifactKey: Guid(4afaba20cda85a247a3505e6778cbac8) Importer(815301076,1909f56bfc062723c751e8b465ee728b)
Start importing Assets/Prefabs/Game objects/Enemy.prefab using Guid(4afaba20cda85a247a3505e6778cbac8) Importer(815301076,1909f56bfc062723c751e8b465ee728b)  -> (artifact id: '6fc481391bd2032bf1e5f88ee2c62562') in 0.016564 seconds
  Import took 0.020930 seconds .

========================================================================
Received Prepare
Registering precompiled user dll's ...
Registered in 0.001293 seconds.
Begin MonoManager ReloadAssembly
Native extension for WindowsStandalone target not found
Native extension for WebGL target not found
Refreshing native plugins compatible for Editor in 0.71 ms, found 1 plugins.
Preloading 0 native plugins for Editor in 0.00 ms.
Invoked RoslynAnalysisRunner static constructor.
RoslynAnalysisRunner will not be running.
RoslynAnalysisRunner has terminated.
Mono: successfully reloaded assembly
- Completed reload, in  1.105 seconds
Platform modules already initialized, skipping
Refreshing native plugins compatible for Editor in 0.68 ms, found 1 plugins.
Preloading 0 native plugins for Editor in 0.00 ms.
Unloading 1921 Unused Serialized files (Serialized files now loaded: 0)
System memory in use before: 93.5 MB.
System memory in use after: 93.0 MB.

Unloading 33 unused Assets to reduce memory usage. Loaded Objects now: 2547.
Total: 4.549100 ms (FindLiveObjects: 0.312100 ms CreateObjectMapping: 0.082500 ms MarkObjects: 3.483000 ms  DeleteObjects: 0.669400 ms)

========================================================================
Received Import Request.
  Time since last request: 70.106816 seconds.
  path: Assets/Scripts/EnemyController.cs
  artifactKey: Guid(fd52a451d5c57e64a9d0c2f622e86817) Importer(815301076,1909f56bfc062723c751e8b465ee728b)
Start importing Assets/Scripts/EnemyController.cs using Guid(fd52a451d5c57e64a9d0c2f622e86817) Importer(815301076,1909f56bfc062723c751e8b465ee728b)  -> (artifact id: '43fee110c4ee18889470d4b52c2f2c22') in 0.037032 seconds
  Import took 0.041851 seconds .

========================================================================
Received Import Request.
  Time since last request: 0.000428 seconds.
  path: Assets/Scripts/EnemyController.cs
  artifactKey: Guid(fd52a451d5c57e64a9d0c2f622e86817) Importer(815301076,1909f56bfc062723c751e8b465ee728b)
Start importing Assets/Scripts/EnemyController.cs using Guid(fd52a451d5c57e64a9d0c2f622e86817) Importer(815301076,1909f56bfc062723c751e8b465ee728b)  -> (artifact id: '43fee110c4ee18889470d4b52c2f2c22') in 0.005726 seconds
  Import took 0.009408 seconds .

========================================================================
Received Prepare
Registering precompiled user dll's ...
Registered in 0.001459 seconds.
Begin MonoManager ReloadAssembly
Native extension for WindowsStandalone target not found
Native extension for WebGL target not found
Refreshing native plugins compatible for Editor in 0.64 ms, found 1 plugins.
Preloading 0 native plugins for Editor in 0.00 ms.
Invoked RoslynAnalysisRunner static constructor.
RoslynAnalysisRunner will not be running.
RoslynAnalysisRunner has terminated.
Mono: successfully reloaded assembly
- Completed reload, in  1.216 seconds
Platform modules already initialized, skipping
Refreshing native plugins compatible for Editor in 0.65 ms, found 1 plugins.
Preloading 0 native plugins for Editor in 0.00 ms.
Unloading 1921 Unused Serialized files (Serialized files now loaded: 0)
System memory in use before: 93.5 MB.
System memory in use after: 93.0 MB.

Unloading 33 unused Assets to reduce memory usage. Loaded Objects now: 2551.
Total: 4.182000 ms (FindLiveObjects: 0.328100 ms CreateObjectMapping: 0.066300 ms MarkObjects: 3.201300 ms  DeleteObjects: 0.584500 ms)

========================================================================
Received Import Request.
  Time since last request: 44.565806 seconds.
  path: Assets/Prefabs/Game objects/Enemy.prefab
  artifactKey: Guid(4afaba20cda85a247a3505e6778cbac8) Importer(815301076,1909f56bfc062723c751e8b465ee728b)
Start importing Assets/Prefabs/Game objects/Enemy.prefab using Guid(4afaba20cda85a247a3505e6778cbac8) Importer(815301076,1909f56bfc062723c751e8b465ee728b)  -> (artifact id: 'b3a6ef29a96ef56e2b4260c488c78470') in 0.087320 seconds
  Import took 0.092147 seconds .

========================================================================
Received Import Request.
  Time since last request: 0.050306 seconds.
  path: Assets/Prefabs/Game objects/Enemy.prefab
  artifactKey: Guid(4afaba20cda85a247a3505e6778cbac8) Importer(815301076,1909f56bfc062723c751e8b465ee728b)
Start importing Assets/Prefabs/Game objects/Enemy.prefab using Guid(4afaba20cda85a247a3505e6778cbac8) Importer(815301076,1909f56bfc062723c751e8b465ee728b)  -> (artifact id: 'b3a6ef29a96ef56e2b4260c488c78470') in 0.017612 seconds
  Import took 0.022265 seconds .

========================================================================
Received Prepare
Registering precompiled user dll's ...
Registered in 0.001284 seconds.
Begin MonoManager ReloadAssembly
Native extension for WindowsStandalone target not found
Native extension for WebGL target not found
Refreshing native plugins compatible for Editor in 0.85 ms, found 1 plugins.
Preloading 0 native plugins for Editor in 0.00 ms.
Invoked RoslynAnalysisRunner static constructor.
RoslynAnalysisRunner will not be running.
RoslynAnalysisRunner has terminated.
Mono: successfully reloaded assembly
- Completed reload, in  1.118 seconds
Platform modules already initialized, skipping
Refreshing native plugins compatible for Editor in 0.65 ms, found 1 plugins.
Preloading 0 native plugins for Editor in 0.00 ms.
Unloading 1921 Unused Serialized files (Serialized files now loaded: 0)
System memory in use before: 93.5 MB.
System memory in use after: 93.0 MB.

Unloading 33 unused Assets to reduce memory usage. Loaded Objects now: 2556.
Total: 4.009200 ms (FindLiveObjects: 0.350000 ms CreateObjectMapping: 0.085400 ms MarkObjects: 2.953300 ms  DeleteObjects: 0.618700 ms)

========================================================================
Received Prepare
Registering precompiled user dll's ...
Registered in 0.001251 seconds.
Begin MonoManager ReloadAssembly
Native extension for WindowsStandalone target not found
Native extension for WebGL target not found
Refreshing native plugins compatible for Editor in 0.88 ms, found 1 plugins.
Preloading 0 native plugins for Editor in 0.00 ms.
Invoked RoslynAnalysisRunner static constructor.
RoslynAnalysisRunner will not be running.
RoslynAnalysisRunner has terminated.
Mono: successfully reloaded assembly
- Completed reload, in  1.175 seconds
Platform modules already initialized, skipping
Refreshing native plugins compatible for Editor in 0.62 ms, found 1 plugins.
Preloading 0 native plugins for Editor in 0.00 ms.
Unloading 1921 Unused Serialized files (Serialized files now loaded: 0)
System memory in use before: 93.6 MB.
System memory in use after: 93.1 MB.

Unloading 33 unused Assets to reduce memory usage. Loaded Objects now: 2560.
Total: 4.992700 ms (FindLiveObjects: 0.475900 ms CreateObjectMapping: 0.160800 ms MarkObjects: 3.678700 ms  DeleteObjects: 0.674200 ms)

========================================================================
Received Prepare
Registering precompiled user dll's ...
Registered in 0.043360 seconds.
Begin MonoManager ReloadAssembly
Native extension for WindowsStandalone target not found
Native extension for WebGL target not found
Refreshing native plugins compatible for Editor in 0.66 ms, found 1 plugins.
Preloading 0 native plugins for Editor in 0.00 ms.
Invoked RoslynAnalysisRunner static constructor.
RoslynAnalysisRunner will not be running.
RoslynAnalysisRunner has terminated.
Mono: successfully reloaded assembly
- Completed reload, in  1.050 seconds
Platform modules already initialized, skipping
Refreshing native plugins compatible for Editor in 0.65 ms, found 1 plugins.
Preloading 0 native plugins for Editor in 0.00 ms.
Unloading 1921 Unused Serialized files (Serialized files now loaded: 0)
System memory in use before: 93.6 MB.
System memory in use after: 93.1 MB.

Unloading 33 unused Assets to reduce memory usage. Loaded Objects now: 2564.
Total: 3.642600 ms (FindLiveObjects: 0.491500 ms CreateObjectMapping: 0.159200 ms MarkObjects: 2.491200 ms  DeleteObjects: 0.497500 ms)

========================================================================
Received Import Request.
  Time since last request: 594.184404 seconds.
  path: Assets/Scripts/EnemyController.cs
  artifactKey: Guid(fd52a451d5c57e64a9d0c2f622e86817) Importer(815301076,1909f56bfc062723c751e8b465ee728b)
Start importing Assets/Scripts/EnemyController.cs using Guid(fd52a451d5c57e64a9d0c2f622e86817) Importer(815301076,1909f56bfc062723c751e8b465ee728b)  -> (artifact id: '3f2c94bb8821390b059c414b40ebb1da') in 0.011162 seconds
  Import took 0.015241 seconds .

========================================================================
Received Import Request.
  Time since last request: 0.004533 seconds.
  path: Assets/Scripts/EnemyController.cs
  artifactKey: Guid(fd52a451d5c57e64a9d0c2f622e86817) Importer(815301076,1909f56bfc062723c751e8b465ee728b)
Start importing Assets/Scripts/EnemyController.cs using Guid(fd52a451d5c57e64a9d0c2f622e86817) Importer(815301076,1909f56bfc062723c751e8b465ee728b)  -> (artifact id: '3f2c94bb8821390b059c414b40ebb1da') in 0.006325 seconds
  Import took 0.010825 seconds .

========================================================================
Received Prepare
Registering precompiled user dll's ...
Registered in 0.002021 seconds.
Begin MonoManager ReloadAssembly
Native extension for WindowsStandalone target not found
Native extension for WebGL target not found
Refreshing native plugins compatible for Editor in 0.73 ms, found 1 plugins.
Preloading 0 native plugins for Editor in 0.00 ms.
Invoked RoslynAnalysisRunner static constructor.
RoslynAnalysisRunner will not be running.
RoslynAnalysisRunner has terminated.
Mono: successfully reloaded assembly
- Completed reload, in  1.206 seconds
Platform modules already initialized, skipping
Refreshing native plugins compatible for Editor in 0.62 ms, found 1 plugins.
Preloading 0 native plugins for Editor in 0.00 ms.
Unloading 1921 Unused Serialized files (Serialized files now loaded: 0)
System memory in use before: 93.6 MB.
System memory in use after: 93.1 MB.

Unloading 33 unused Assets to reduce memory usage. Loaded Objects now: 2568.
Total: 4.114700 ms (FindLiveObjects: 0.440500 ms CreateObjectMapping: 0.095100 ms MarkObjects: 2.969300 ms  DeleteObjects: 0.608200 ms)

========================================================================
Received Prepare
Registering precompiled user dll's ...
Registered in 0.002787 seconds.
Begin MonoManager ReloadAssembly
Native extension for WindowsStandalone target not found
Native extension for WebGL target not found
Refreshing native plugins compatible for Editor in 0.76 ms, found 1 plugins.
Preloading 0 native plugins for Editor in 0.00 ms.
Invoked RoslynAnalysisRunner static constructor.
RoslynAnalysisRunner will not be running.
RoslynAnalysisRunner has terminated.
Mono: successfully reloaded assembly
- Completed reload, in  1.263 seconds
Platform modules already initialized, skipping
Refreshing native plugins compatible for Editor in 0.97 ms, found 1 plugins.
Preloading 0 native plugins for Editor in 0.00 ms.
Unloading 1921 Unused Serialized files (Serialized files now loaded: 0)
System memory in use before: 93.6 MB.
System memory in use after: 93.1 MB.

Unloading 33 unused Assets to reduce memory usage. Loaded Objects now: 2572.
Total: 3.400300 ms (FindLiveObjects: 0.335900 ms CreateObjectMapping: 0.099000 ms MarkObjects: 2.454700 ms  DeleteObjects: 0.508600 ms)

========================================================================
Received Prepare
Registering precompiled user dll's ...
Registered in 0.001321 seconds.
Begin MonoManager ReloadAssembly
Native extension for WindowsStandalone target not found
Native extension for WebGL target not found
Refreshing native plugins compatible for Editor in 0.62 ms, found 1 plugins.
Preloading 0 native plugins for Editor in 0.00 ms.
Invoked RoslynAnalysisRunner static constructor.
RoslynAnalysisRunner will not be running.
RoslynAnalysisRunner has terminated.
Mono: successfully reloaded assembly
- Completed reload, in  1.139 seconds
Platform modules already initialized, skipping
Refreshing native plugins compatible for Editor in 0.65 ms, found 1 plugins.
Preloading 0 native plugins for Editor in 0.00 ms.
Unloading 1921 Unused Serialized files (Serialized files now loaded: 0)
System memory in use before: 93.6 MB.
System memory in use after: 93.1 MB.

Unloading 33 unused Assets to reduce memory usage. Loaded Objects now: 2576.
Total: 5.045900 ms (FindLiveObjects: 0.688600 ms CreateObjectMapping: 0.129400 ms MarkObjects: 3.408300 ms  DeleteObjects: 0.816500 ms)

========================================================================
Received Import Request.
  Time since last request: 510.173452 seconds.
  path: Assets/Scenes/logo.jpg
  artifactKey: Guid(225e1c511422810458f130d99a9b5f29) Importer(815301076,1909f56bfc062723c751e8b465ee728b)
Start importing Assets/Scenes/logo.jpg using Guid(225e1c511422810458f130d99a9b5f29) Importer(815301076,1909f56bfc062723c751e8b465ee728b)  -> (artifact id: '42bcf1cb2c3f401b26b50ab8ddbe8ba6') in 0.296917 seconds
  Import took 0.301510 seconds .

========================================================================
Received Prepare
Refreshing native plugins compatible for Editor in 40.72 ms, found 1 plugins.
Preloading 0 native plugins for Editor in 0.00 ms.
Unloading 31 Unused Serialized files (Serialized files now loaded: 0)
System memory in use before: 56.3 MB.
System memory in use after: 55.9 MB.

Unloading 31 unused Assets to reduce memory usage. Loaded Objects now: 2580.
Total: 5.572800 ms (FindLiveObjects: 0.361400 ms CreateObjectMapping: 0.101000 ms MarkObjects: 4.407900 ms  DeleteObjects: 0.699500 ms)

